<?xml version="1.0" encoding="UTF-8"?>
<!-- Generated by org.testng.reporters.JUnitXMLReporter -->
<testsuite ignored="2" hostname="FFE-M-Preethi" failures="0" tests="2" name="Test" time="46.559" errors="0" timestamp="2025-08-20T11:14:35 IST">
  <testcase classname="ninza.CRMCampaigns.CreateCampaignTest" name="sample" time="0.017"/>
  <testcase classname="ninza.CRMCampaigns.CreateCampaignTest" name="sample2" time="0.002"/>
  <testcase classname="ninza.CRMCampaigns.CreateCampaignTest" name="tc_e2e_01_createCampaign" time="0.0">
    <ignored/>
  </testcase> <!-- tc_e2e_01_createCampaign -->
  <testcase classname="ninza.CRMCampaigns.CreateCampaignTest" name="testSample" time="0.0">
    <ignored/>
  </testcase> <!-- testSample -->
</testsuite> <!-- Test -->
