<?xml version="1.0" encoding="UTF-8"?>
<testng-results ignored="0" total="1" passed="1" failed="0" skipped="0">
  <reporter-output>
  </reporter-output>
  <suite started-at="2025-08-22T12:46:47 IST" name="Default suite" finished-at="2025-08-22T12:46:47 IST" duration-ms="38">
    <groups>
    </groups>
    <test started-at="2025-08-22T12:46:47 IST" name="Default test" finished-at="2025-08-22T12:46:47 IST" duration-ms="38">
      <class name="practice.ReadDataFromCmdLine">
        <test-method signature="readData()[pri:0, instance:practice.ReadDataFromCmdLine@206a70ef]" started-at="2025-08-22T12:46:47 IST" name="readData" finished-at="2025-08-22T12:46:47 IST" duration-ms="8" status="PASS">
          <reporter-output>
          </reporter-output>
        </test-method> <!-- readData -->
      </class> <!-- practice.ReadDataFromCmdLine -->
    </test> <!-- Default test -->
  </suite> <!-- Default suite -->
</testng-results>
